<?xml version="1.0" encoding="UTF-8"?>
<!-- Generated by org.testng.reporters.JUnitReportReporter -->
<testsuite hostname="VSP-94QD6Q3" failures="0" tests="2" name="practice.test2" time="0.000" errors="0" timestamp="2022-12-27T12:13:46 IST" skipped="0">
  <testcase classname="practice.test2" name="t7" time="0.000"/>
  <system-out/>
  <testcase classname="practice.test2" name="t6" time="0.000"/>
  <system-out/>
</testsuite> <!-- practice.test2 -->
