<?xml version="1.0" encoding="UTF-8"?>
<!-- Generated by org.testng.reporters.JUnitReportReporter -->
<testsuite hostname="VSP-94QD6Q3" failures="0" tests="2" name="practice.testngp" time="0.010" errors="0" timestamp="2022-12-16T14:26:44 IST" skipped="0">
  <testcase classname="practice.testngp" name="t2" time="0.001"/>
  <system-out/>
  <testcase classname="practice.testngp" name="t1" time="0.009"/>
  <system-out/>
</testsuite> <!-- practice.testngp -->
