<?xml version="1.0" encoding="UTF-8"?>
<!-- Generated by org.testng.reporters.JUnitReportReporter -->
<testsuite hostname="VSP-94QD6Q3" failures="0" tests="1" name="javastreams" time="0.016" errors="0" timestamp="2022-12-08T17:01:15 IST" skipped="0">
  <testcase classname="javastreams" name="test2" time="0.016"/>
  <system-out/>
</testsuite> <!-- javastreams -->
