<?xml version="1.0" encoding="UTF-8"?>
<!-- Generated by org.testng.reporters.JUnitReportReporter -->
<testsuite hostname="VSP-94QD6Q3" failures="0" tests="3" name="parameters.paraClass" time="0.005" errors="0" timestamp="2022-12-27T12:13:46 IST" skipped="0">
  <testcase classname="parameters.paraClass" name="t4" time="0.001"/>
  <system-out/>
  <testcase classname="parameters.paraClass" name="t3" time="0.003"/>
  <system-out/>
  <testcase classname="parameters.paraClass" name="t5" time="0.001"/>
  <system-out/>
</testsuite> <!-- parameters.paraClass -->
